<?xml version="1.0" encoding="UTF-8"?>
<testsuites name="jest tests" tests="2" failures="0" time="0.243">
  <testsuite name="Funkcja iterateAndSum" errors="0" failures="0" skipped="0" timestamp="2023-01-30T19:10:33" time="0.232" tests="2">
    <testcase classname="Funkcja iterateAndSum powinna zwrócić liczbę" name="Funkcja iterateAndSum powinna zwrócić liczbę" time="0">
    </testcase>
    <testcase classname="Funkcja iterateAndSum powinna zwrócić sumę wszystkich elementów tablicy" name="Funkcja iterateAndSum powinna zwrócić sumę wszystkich elementów tablicy" time="0">
    </testcase>
  </testsuite>
</testsuites>